<?xml version="1.0" encoding="UTF-8"?>
<testsuite xmlns:xsi="http://www.w3.org/2001/XMLSchema-instance" xsi:noNamespaceSchemaLocation="https://maven.apache.org/surefire/maven-surefire-plugin/xsd/surefire-test-report-3.0.xsd" version="3.0" name="Runner.TestRunner" time="5.135" tests="0" errors="0" skipped="0" failures="0">
  <properties>
    <property name="gopherProxySet" value="false"/>
    <property name="awt.toolkit" value="sun.lwawt.macosx.LWCToolkit"/>
    <property name="file.encoding.pkg" value="sun.io"/>
    <property name="java.specification.version" value="1.8"/>
    <property name="sun.cpu.isalist" value=""/>
    <property name="sun.jnu.encoding" value="UTF-8"/>
    <property name="java.class.path" value="/Users/xixiaomin/IdeaProjects/CucumberLearn/target/test-classes:/Users/xixiaomin/IdeaProjects/CucumberLearn/target/classes:/Users/xixiaomin/.m2/repository/io/cucumber/cucumber-java/6.0.0-RC2/cucumber-java-6.0.0-RC2.jar:/Users/xixiaomin/.m2/repository/org/apiguardian/apiguardian-api/1.1.0/apiguardian-api-1.1.0.jar:/Users/xixiaomin/.m2/repository/io/cucumber/cucumber-testng/6.0.0-RC2/cucumber-testng-6.0.0-RC2.jar:/Users/xixiaomin/.m2/repository/org/testng/testng/7.1.0/testng-7.1.0.jar:/Users/xixiaomin/.m2/repository/com/beust/jcommander/1.72/jcommander-1.72.jar:/Users/xixiaomin/.m2/repository/com/google/inject/guice/4.1.0/guice-4.1.0-no_aop.jar:/Users/xixiaomin/.m2/repository/javax/inject/javax.inject/1/javax.inject-1.jar:/Users/xixiaomin/.m2/repository/aopalliance/aopalliance/1.0/aopalliance-1.0.jar:/Users/xixiaomin/.m2/repository/org/yaml/snakeyaml/1.21/snakeyaml-1.21.jar:/Users/xixiaomin/.m2/repository/io/cucumber/cucumber-junit/6.0.0-RC2/cucumber-junit-6.0.0-RC2.jar:/Users/xixiaomin/.m2/repository/junit/junit/4.13/junit-4.13.jar:/Users/xixiaomin/.m2/repository/org/hamcrest/hamcrest-core/1.3/hamcrest-core-1.3.jar:/Users/xixiaomin/.m2/repository/io/cucumber/cucumber-java8/6.0.0-RC2/cucumber-java8-6.0.0-RC2.jar:/Users/xixiaomin/.m2/repository/net/jodah/typetools/0.6.2/typetools-0.6.2.jar:/Users/xixiaomin/.m2/repository/io/cucumber/cucumber-picocontainer/6.0.0-RC2/cucumber-picocontainer-6.0.0-RC2.jar:/Users/xixiaomin/.m2/repository/org/picocontainer/picocontainer/2.15/picocontainer-2.15.jar:/Users/xixiaomin/.m2/repository/io/cucumber/cucumber-core/6.0.0-RC2/cucumber-core-6.0.0-RC2.jar:/Users/xixiaomin/.m2/repository/io/cucumber/cucumber-gherkin/6.0.0-RC2/cucumber-gherkin-6.0.0-RC2.jar:/Users/xixiaomin/.m2/repository/io/cucumber/cucumber-gherkin-messages/6.0.0-RC2/cucumber-gherkin-messages-6.0.0-RC2.jar:/Users/xixiaomin/.m2/repository/io/cucumber/messages/12.1.1/messages-12.1.1.jar:/Users/xixiaomin/.m2/repository/io/cucumber/tag-expressions/2.0.4/tag-expressions-2.0.4.jar:/Users/xixiaomin/.m2/repository/io/cucumber/cucumber-expressions/10.1.0/cucumber-expressions-10.1.0.jar:/Users/xixiaomin/.m2/repository/io/cucumber/datatable/3.3.1/datatable-3.3.1.jar:/Users/xixiaomin/.m2/repository/io/cucumber/cucumber-plugin/6.0.0-RC2/cucumber-plugin-6.0.0-RC2.jar:/Users/xixiaomin/.m2/repository/io/cucumber/docstring/6.0.0-RC2/docstring-6.0.0-RC2.jar:/Users/xixiaomin/.m2/repository/io/cucumber/html-formatter/6.0.2/html-formatter-6.0.2.jar:/Users/xixiaomin/.m2/repository/org/seleniumhq/selenium/selenium-java/3.141.59/selenium-java-3.141.59.jar:/Users/xixiaomin/.m2/repository/org/seleniumhq/selenium/selenium-api/3.141.59/selenium-api-3.141.59.jar:/Users/xixiaomin/.m2/repository/org/seleniumhq/selenium/selenium-edge-driver/3.141.59/selenium-edge-driver-3.141.59.jar:/Users/xixiaomin/.m2/repository/org/seleniumhq/selenium/selenium-firefox-driver/3.141.59/selenium-firefox-driver-3.141.59.jar:/Users/xixiaomin/.m2/repository/org/seleniumhq/selenium/selenium-ie-driver/3.141.59/selenium-ie-driver-3.141.59.jar:/Users/xixiaomin/.m2/repository/org/seleniumhq/selenium/selenium-opera-driver/3.141.59/selenium-opera-driver-3.141.59.jar:/Users/xixiaomin/.m2/repository/org/seleniumhq/selenium/selenium-remote-driver/3.141.59/selenium-remote-driver-3.141.59.jar:/Users/xixiaomin/.m2/repository/org/seleniumhq/selenium/selenium-safari-driver/3.141.59/selenium-safari-driver-3.141.59.jar:/Users/xixiaomin/.m2/repository/org/seleniumhq/selenium/selenium-support/3.141.59/selenium-support-3.141.59.jar:/Users/xixiaomin/.m2/repository/net/bytebuddy/byte-buddy/1.8.15/byte-buddy-1.8.15.jar:/Users/xixiaomin/.m2/repository/org/apache/commons/commons-exec/1.3/commons-exec-1.3.jar:/Users/xixiaomin/.m2/repository/com/google/guava/guava/25.0-jre/guava-25.0-jre.jar:/Users/xixiaomin/.m2/repository/com/google/code/findbugs/jsr305/1.3.9/jsr305-1.3.9.jar:/Users/xixiaomin/.m2/repository/org/checkerframework/checker-compat-qual/2.0.0/checker-compat-qual-2.0.0.jar:/Users/xixiaomin/.m2/repository/com/google/errorprone/error_prone_annotations/2.1.3/error_prone_annotations-2.1.3.jar:/Users/xixiaomin/.m2/repository/com/google/j2objc/j2objc-annotations/1.1/j2objc-annotations-1.1.jar:/Users/xixiaomin/.m2/repository/org/codehaus/mojo/animal-sniffer-annotations/1.14/animal-sniffer-annotations-1.14.jar:/Users/xixiaomin/.m2/repository/com/squareup/okhttp3/okhttp/3.11.0/okhttp-3.11.0.jar:/Users/xixiaomin/.m2/repository/com/squareup/okio/okio/1.14.0/okio-1.14.0.jar:/Users/xixiaomin/.m2/repository/org/seleniumhq/selenium/selenium-chrome-driver/4.0.0-alpha-3/selenium-chrome-driver-4.0.0-alpha-3.jar:/Users/xixiaomin/.m2/repository/org/seleniumhq/selenium/selenium-chromium-driver/4.0.0-alpha-3/selenium-chromium-driver-4.0.0-alpha-3.jar:/Users/xixiaomin/.m2/repository/org/seleniumhq/selenium/selenium-devtools/4.0.0-alpha-3/selenium-devtools-4.0.0-alpha-3.jar:/Users/xixiaomin/.m2/repository/org/seleniumhq/selenium/selenium-http/4.0.0-alpha-3/selenium-http-4.0.0-alpha-3.jar:/Users/xixiaomin/.m2/repository/org/seleniumhq/selenium/selenium-json/4.0.0-alpha-3/selenium-json-4.0.0-alpha-3.jar:"/>
    <property name="java.vm.vendor" value="Oracle Corporation"/>
    <property name="sun.arch.data.model" value="64"/>
    <property name="java.vendor.url" value="http://java.oracle.com/"/>
    <property name="user.timezone" value="America/Los_Angeles"/>
    <property name="java.vm.specification.version" value="1.8"/>
    <property name="os.name" value="Mac OS X"/>
    <property name="user.country" value="US"/>
    <property name="sun.java.launcher" value="SUN_STANDARD"/>
    <property name="sun.boot.library.path" value="/Library/Java/JavaVirtualMachines/jdk1.8.0_201.jdk/Contents/Home/jre/lib"/>
    <property name="sun.java.command" value="/Users/xixiaomin/IdeaProjects/CucumberLearn/target/surefire/surefirebooter119678167114540102.jar /Users/xixiaomin/IdeaProjects/CucumberLearn/target/surefire 2020-05-30T13-20-01_667-jvmRun1 surefire5882979802348809929tmp surefire_05364692839797837528tmp"/>
    <property name="http.nonProxyHosts" value="local|*.local|169.254/16|*.169.254/16"/>
    <property name="surefire.test.class.path" value="/Users/xixiaomin/IdeaProjects/CucumberLearn/target/test-classes:/Users/xixiaomin/IdeaProjects/CucumberLearn/target/classes:/Users/xixiaomin/.m2/repository/io/cucumber/cucumber-java/6.0.0-RC2/cucumber-java-6.0.0-RC2.jar:/Users/xixiaomin/.m2/repository/org/apiguardian/apiguardian-api/1.1.0/apiguardian-api-1.1.0.jar:/Users/xixiaomin/.m2/repository/io/cucumber/cucumber-testng/6.0.0-RC2/cucumber-testng-6.0.0-RC2.jar:/Users/xixiaomin/.m2/repository/org/testng/testng/7.1.0/testng-7.1.0.jar:/Users/xixiaomin/.m2/repository/com/beust/jcommander/1.72/jcommander-1.72.jar:/Users/xixiaomin/.m2/repository/com/google/inject/guice/4.1.0/guice-4.1.0-no_aop.jar:/Users/xixiaomin/.m2/repository/javax/inject/javax.inject/1/javax.inject-1.jar:/Users/xixiaomin/.m2/repository/aopalliance/aopalliance/1.0/aopalliance-1.0.jar:/Users/xixiaomin/.m2/repository/org/yaml/snakeyaml/1.21/snakeyaml-1.21.jar:/Users/xixiaomin/.m2/repository/io/cucumber/cucumber-junit/6.0.0-RC2/cucumber-junit-6.0.0-RC2.jar:/Users/xixiaomin/.m2/repository/junit/junit/4.13/junit-4.13.jar:/Users/xixiaomin/.m2/repository/org/hamcrest/hamcrest-core/1.3/hamcrest-core-1.3.jar:/Users/xixiaomin/.m2/repository/io/cucumber/cucumber-java8/6.0.0-RC2/cucumber-java8-6.0.0-RC2.jar:/Users/xixiaomin/.m2/repository/net/jodah/typetools/0.6.2/typetools-0.6.2.jar:/Users/xixiaomin/.m2/repository/io/cucumber/cucumber-picocontainer/6.0.0-RC2/cucumber-picocontainer-6.0.0-RC2.jar:/Users/xixiaomin/.m2/repository/org/picocontainer/picocontainer/2.15/picocontainer-2.15.jar:/Users/xixiaomin/.m2/repository/io/cucumber/cucumber-core/6.0.0-RC2/cucumber-core-6.0.0-RC2.jar:/Users/xixiaomin/.m2/repository/io/cucumber/cucumber-gherkin/6.0.0-RC2/cucumber-gherkin-6.0.0-RC2.jar:/Users/xixiaomin/.m2/repository/io/cucumber/cucumber-gherkin-messages/6.0.0-RC2/cucumber-gherkin-messages-6.0.0-RC2.jar:/Users/xixiaomin/.m2/repository/io/cucumber/messages/12.1.1/messages-12.1.1.jar:/Users/xixiaomin/.m2/repository/io/cucumber/tag-expressions/2.0.4/tag-expressions-2.0.4.jar:/Users/xixiaomin/.m2/repository/io/cucumber/cucumber-expressions/10.1.0/cucumber-expressions-10.1.0.jar:/Users/xixiaomin/.m2/repository/io/cucumber/datatable/3.3.1/datatable-3.3.1.jar:/Users/xixiaomin/.m2/repository/io/cucumber/cucumber-plugin/6.0.0-RC2/cucumber-plugin-6.0.0-RC2.jar:/Users/xixiaomin/.m2/repository/io/cucumber/docstring/6.0.0-RC2/docstring-6.0.0-RC2.jar:/Users/xixiaomin/.m2/repository/io/cucumber/html-formatter/6.0.2/html-formatter-6.0.2.jar:/Users/xixiaomin/.m2/repository/org/seleniumhq/selenium/selenium-java/3.141.59/selenium-java-3.141.59.jar:/Users/xixiaomin/.m2/repository/org/seleniumhq/selenium/selenium-api/3.141.59/selenium-api-3.141.59.jar:/Users/xixiaomin/.m2/repository/org/seleniumhq/selenium/selenium-edge-driver/3.141.59/selenium-edge-driver-3.141.59.jar:/Users/xixiaomin/.m2/repository/org/seleniumhq/selenium/selenium-firefox-driver/3.141.59/selenium-firefox-driver-3.141.59.jar:/Users/xixiaomin/.m2/repository/org/seleniumhq/selenium/selenium-ie-driver/3.141.59/selenium-ie-driver-3.141.59.jar:/Users/xixiaomin/.m2/repository/org/seleniumhq/selenium/selenium-opera-driver/3.141.59/selenium-opera-driver-3.141.59.jar:/Users/xixiaomin/.m2/repository/org/seleniumhq/selenium/selenium-remote-driver/3.141.59/selenium-remote-driver-3.141.59.jar:/Users/xixiaomin/.m2/repository/org/seleniumhq/selenium/selenium-safari-driver/3.141.59/selenium-safari-driver-3.141.59.jar:/Users/xixiaomin/.m2/repository/org/seleniumhq/selenium/selenium-support/3.141.59/selenium-support-3.141.59.jar:/Users/xixiaomin/.m2/repository/net/bytebuddy/byte-buddy/1.8.15/byte-buddy-1.8.15.jar:/Users/xixiaomin/.m2/repository/org/apache/commons/commons-exec/1.3/commons-exec-1.3.jar:/Users/xixiaomin/.m2/repository/com/google/guava/guava/25.0-jre/guava-25.0-jre.jar:/Users/xixiaomin/.m2/repository/com/google/code/findbugs/jsr305/1.3.9/jsr305-1.3.9.jar:/Users/xixiaomin/.m2/repository/org/checkerframework/checker-compat-qual/2.0.0/checker-compat-qual-2.0.0.jar:/Users/xixiaomin/.m2/repository/com/google/errorprone/error_prone_annotations/2.1.3/error_prone_annotations-2.1.3.jar:/Users/xixiaomin/.m2/repository/com/google/j2objc/j2objc-annotations/1.1/j2objc-annotations-1.1.jar:/Users/xixiaomin/.m2/repository/org/codehaus/mojo/animal-sniffer-annotations/1.14/animal-sniffer-annotations-1.14.jar:/Users/xixiaomin/.m2/repository/com/squareup/okhttp3/okhttp/3.11.0/okhttp-3.11.0.jar:/Users/xixiaomin/.m2/repository/com/squareup/okio/okio/1.14.0/okio-1.14.0.jar:/Users/xixiaomin/.m2/repository/org/seleniumhq/selenium/selenium-chrome-driver/4.0.0-alpha-3/selenium-chrome-driver-4.0.0-alpha-3.jar:/Users/xixiaomin/.m2/repository/org/seleniumhq/selenium/selenium-chromium-driver/4.0.0-alpha-3/selenium-chromium-driver-4.0.0-alpha-3.jar:/Users/xixiaomin/.m2/repository/org/seleniumhq/selenium/selenium-devtools/4.0.0-alpha-3/selenium-devtools-4.0.0-alpha-3.jar:/Users/xixiaomin/.m2/repository/org/seleniumhq/selenium/selenium-http/4.0.0-alpha-3/selenium-http-4.0.0-alpha-3.jar:/Users/xixiaomin/.m2/repository/org/seleniumhq/selenium/selenium-json/4.0.0-alpha-3/selenium-json-4.0.0-alpha-3.jar:"/>
    <property name="sun.cpu.endian" value="little"/>
    <property name="user.home" value="/Users/xixiaomin"/>
    <property name="user.language" value="en"/>
    <property name="java.specification.vendor" value="Oracle Corporation"/>
    <property name="java.home" value="/Library/Java/JavaVirtualMachines/jdk1.8.0_201.jdk/Contents/Home/jre"/>
    <property name="basedir" value="/Users/xixiaomin/IdeaProjects/CucumberLearn"/>
    <property name="file.separator" value="/"/>
    <property name="line.separator" value="&#10;"/>
    <property name="java.vm.specification.vendor" value="Oracle Corporation"/>
    <property name="java.specification.name" value="Java Platform API Specification"/>
    <property name="java.awt.graphicsenv" value="sun.awt.CGraphicsEnvironment"/>
    <property name="idea.version2020.1.1" value="true"/>
    <property name="surefire.real.class.path" value="/Users/xixiaomin/IdeaProjects/CucumberLearn/target/surefire/surefirebooter119678167114540102.jar"/>
    <property name="sun.boot.class.path" value="/Library/Java/JavaVirtualMachines/jdk1.8.0_201.jdk/Contents/Home/jre/lib/resources.jar:/Library/Java/JavaVirtualMachines/jdk1.8.0_201.jdk/Contents/Home/jre/lib/rt.jar:/Library/Java/JavaVirtualMachines/jdk1.8.0_201.jdk/Contents/Home/jre/lib/sunrsasign.jar:/Library/Java/JavaVirtualMachines/jdk1.8.0_201.jdk/Contents/Home/jre/lib/jsse.jar:/Library/Java/JavaVirtualMachines/jdk1.8.0_201.jdk/Contents/Home/jre/lib/jce.jar:/Library/Java/JavaVirtualMachines/jdk1.8.0_201.jdk/Contents/Home/jre/lib/charsets.jar:/Library/Java/JavaVirtualMachines/jdk1.8.0_201.jdk/Contents/Home/jre/lib/jfr.jar:/Library/Java/JavaVirtualMachines/jdk1.8.0_201.jdk/Contents/Home/jre/classes"/>
    <property name="sun.management.compiler" value="HotSpot 64-Bit Tiered Compilers"/>
    <property name="ftp.nonProxyHosts" value="local|*.local|169.254/16|*.169.254/16"/>
    <property name="java.runtime.version" value="1.8.0_201-b09"/>
    <property name="user.name" value="xixiaomin"/>
    <property name="path.separator" value=":"/>
    <property name="os.version" value="10.15.5"/>
    <property name="java.endorsed.dirs" value="/Library/Java/JavaVirtualMachines/jdk1.8.0_201.jdk/Contents/Home/jre/lib/endorsed"/>
    <property name="java.runtime.name" value="Java(TM) SE Runtime Environment"/>
    <property name="file.encoding" value="UTF-8"/>
    <property name="java.vm.name" value="Java HotSpot(TM) 64-Bit Server VM"/>
    <property name="localRepository" value="/Users/xixiaomin/.m2/repository"/>
    <property name="java.vendor.url.bug" value="http://bugreport.sun.com/bugreport/"/>
    <property name="java.io.tmpdir" value="/var/folders/2g/wbsrkmcj7c3fq70_3z0mp9lh0000gn/T/"/>
    <property name="java.version" value="1.8.0_201"/>
    <property name="user.dir" value="/Users/xixiaomin/IdeaProjects/CucumberLearn"/>
    <property name="os.arch" value="x86_64"/>
    <property name="webdriver.gecko.driver" value="/Users/xixiaomin/Downloads/geckodriver"/>
    <property name="java.vm.specification.name" value="Java Virtual Machine Specification"/>
    <property name="java.awt.printerjob" value="sun.lwawt.macosx.CPrinterJob"/>
    <property name="sun.os.patch.level" value="unknown"/>
    <property name="java.library.path" value="/Users/xixiaomin/Library/Java/Extensions:/Library/Java/Extensions:/Network/Library/Java/Extensions:/System/Library/Java/Extensions:/usr/lib/java:."/>
    <property name="java.vm.info" value="mixed mode"/>
    <property name="java.vendor" value="Oracle Corporation"/>
    <property name="java.vm.version" value="25.201-b09"/>
    <property name="java.ext.dirs" value="/Users/xixiaomin/Library/Java/Extensions:/Library/Java/JavaVirtualMachines/jdk1.8.0_201.jdk/Contents/Home/jre/lib/ext:/Library/Java/Extensions:/Network/Library/Java/Extensions:/System/Library/Java/Extensions:/usr/lib/java"/>
    <property name="sun.io.unicode.encoding" value="UnicodeBig"/>
    <property name="java.class.version" value="52.0"/>
    <property name="socksNonProxyHosts" value="local|*.local|169.254/16|*.169.254/16"/>
  </properties>
</testsuite>